# JRE version: OpenJDK Runtime Environment (11.0.4+11) (build 11.0.4+11-post-Ubuntu-1ubuntu218.04.3)
# Java VM: OpenJDK 64-Bit Server VM (11.0.4+11-post-Ubuntu-1ubuntu218.04.3, mixed mode, sharing, tiered, compressed oops, g1 gc, linux-amd64)
Heap:
 garbage-first heap   total 580608K, used 221816K [0x00000000c0000000, 0x0000000100000000)
  region size 1024K, 3 young (3072K), 3 survivors (3072K)
 Metaspace       used 50569K, capacity 53368K, committed 53504K, reserved 1095680K
  class space    used 6006K, capacity 7074K, committed 7168K, reserved 1048576K
GC Heap History (10 events):
Event: 67,762 GC heap after
{Heap after GC invocations=44 (full 0):
 garbage-first heap   total 322560K, used 143479K [0x00000000c0000000, 0x0000000100000000)
  region size 1024K, 11 young (11264K), 11 survivors (11264K)
 Metaspace       used 50472K, capacity 53305K, committed 53504K, reserved 1095680K
  class space    used 5996K, capacity 7059K, committed 7168K, reserved 1048576K
}
Event: 68,670 GC heap before
{Heap before GC invocations=44 (full 0):
 garbage-first heap   total 322560K, used 245879K [0x00000000c0000000, 0x0000000100000000)
  region size 1024K, 112 young (114688K), 11 survivors (11264K)
 Metaspace       used 50481K, capacity 53311K, committed 53504K, reserved 1095680K
  class space    used 5998K, capacity 7060K, committed 7168K, reserved 1048576K
}
Event: 68,744 GC heap after
{Heap after GC invocations=45 (full 0):
 garbage-first heap   total 440320K, used 152682K [0x00000000c0000000, 0x0000000100000000)
  region size 1024K, 9 young (9216K), 9 survivors (9216K)
 Metaspace       used 50481K, capacity 53311K, committed 53504K, reserved 1095680K
  class space    used 5998K, capacity 7060K, committed 7168K, reserved 1048576K
}
Event: 70,332 GC heap before
{Heap before GC invocations=45 (full 0):
 garbage-first heap   total 440320K, used 301162K [0x00000000c0000000, 0x0000000100000000)
  region size 1024K, 154 young (157696K), 9 survivors (9216K)
 Metaspace       used 50486K, capacity 53311K, committed 53504K, reserved 1095680K
  class space    used 5998K, capacity 7060K, committed 7168K, reserved 1048576K
}
Event: 70,525 GC heap after
{Heap after GC invocations=46 (full 0):
 garbage-first heap   total 440320K, used 161148K [0x00000000c0000000, 0x0000000100000000)
  region size 1024K, 17 young (17408K), 17 survivors (17408K)
 Metaspace       used 50486K, capacity 53311K, committed 53504K, reserved 1095680K
  class space    used 5998K, capacity 7060K, committed 7168K, reserved 1048576K
}
Event: 72,819 GC heap before
{Heap before GC invocations=46 (full 0):
 garbage-first heap   total 440320K, used 351612K [0x00000000c0000000, 0x0000000100000000)
  region size 1024K, 203 young (207872K), 17 survivors (17408K)
 Metaspace       used 50503K, capacity 53311K, committed 53504K, reserved 1095680K
  class space    used 5998K, capacity 7060K, committed 7168K, reserved 1048576K
}
Event: 72,988 GC heap after
{Heap after GC invocations=47 (full 0):
 garbage-first heap   total 440320K, used 176740K [0x00000000c0000000, 0x0000000100000000)
  region size 1024K, 25 young (25600K), 25 survivors (25600K)
 Metaspace       used 50503K, capacity 53311K, committed 53504K, reserved 1095680K
  class space    used 5998K, capacity 7060K, committed 7168K, reserved 1048576K
}
Event: 76,139 GC heap before
{Heap before GC invocations=47 (full 0):
 garbage-first heap   total 440320K, used 278116K [0x00000000c0000000, 0x0000000100000000)
  region size 1024K, 113 young (115712K), 25 survivors (25600K)
 Metaspace       used 50568K, capacity 53368K, committed 53504K, reserved 1095680K
  class space    used 6006K, capacity 7074K, committed 7168K, reserved 1048576K
}
Event: 76,898 GC heap after
{Heap after GC invocations=48 (full 0):
 garbage-first heap   total 440320K, used 215966K [0x00000000c0000000, 0x0000000100000000)
  region size 1024K, 15 young (15360K), 15 survivors (15360K)
 Metaspace       used 50568K, capacity 53368K, committed 53504K, reserved 1095680K
  class space    used 6006K, capacity 7074K, committed 7168K, reserved 1048576K
}
Event: 77,617 GC heap before
{Heap before GC invocations=48 (full 0):
 garbage-first heap   total 440320K, used 222110K [0x00000000c0000000, 0x0000000100000000)
  region size 1024K, 21 young (21504K), 15 survivors (15360K)
 Metaspace       used 50569K, capacity 53368K, committed 53504K, reserved 1095680K
  class space    used 6006K, capacity 7074K, committed 7168K, reserved 1048576K
}

